[debug] [2026-03-10T20:31:40.700Z] ----------------------------------------------------------------------
[debug] [2026-03-10T20:31:40.703Z] Command:       C:\Program Files\nodejs\node.exe C:\Users\Subha\AppData\Roaming\npm\node_modules\firebase-tools\lib\bin\firebase.js init hosting
[debug] [2026-03-10T20:31:40.704Z] CLI Version:   13.32.0
[debug] [2026-03-10T20:31:40.704Z] Platform:      win32
[debug] [2026-03-10T20:31:40.704Z] Node Version:  v22.16.0
[debug] [2026-03-10T20:31:40.705Z] Time:          Wed Mar 11 2026 02:01:40 GMT+0530 (India Standard Time)
[debug] [2026-03-10T20:31:40.705Z] ----------------------------------------------------------------------
[debug] 
[debug] [2026-03-10T20:31:40.709Z] >>> [apiv2][query] GET https://firebase-public.firebaseio.com/cli.json [none]
[debug] [2026-03-10T20:31:40.760Z] > command requires scopes: ["email","openid","https://www.googleapis.com/auth/cloudplatformprojects.readonly","https://www.googleapis.com/auth/firebase","https://www.googleapis.com/auth/cloud-platform"]
[debug] [2026-03-10T20:31:40.760Z] > authorizing via signed-in user (hazraraja427@gmail.com)
[info] 
     ######## #### ########  ######## ########     ###     ######  ########
     ##        ##  ##     ## ##       ##     ##  ##   ##  ##       ##
     ######    ##  ########  ######   ########  #########  ######  ######
     ##        ##  ##    ##  ##       ##     ## ##     ##       ## ##
     ##       #### ##     ## ######## ########  ##     ##  ######  ########

You're about to initialize a Firebase project in this directory:

  C:\Users\Subha\Desktop\snapvio

[debug] [2026-03-10T20:31:41.410Z] <<< [apiv2][status] GET https://firebase-public.firebaseio.com/cli.json 200
[debug] [2026-03-10T20:31:41.410Z] <<< [apiv2][body] GET https://firebase-public.firebaseio.com/cli.json {"cloudBuildErrorAfter":1594252800000,"cloudBuildWarnAfter":1590019200000,"defaultNode10After":1594252800000,"minVersion":"3.0.5","node8DeploysDisabledAfter":1613390400000,"node8RuntimeDisabledAfter":1615809600000,"node8WarnAfter":1600128000000}
[info] 
=== Project Setup
[info] 
[info] First, let's associate this project directory with a Firebase project.
[info] You can create multiple project aliases by running firebase use --add, 
[info] but for now we'll just set up a default project.
[info] 
[debug] [2026-03-10T20:31:51.620Z] Checked if tokens are valid: false, expires at: 1741286573781
[debug] [2026-03-10T20:31:51.620Z] Checked if tokens are valid: false, expires at: 1741286573781
[debug] [2026-03-10T20:31:51.621Z] > refreshing access token with scopes: []
[debug] [2026-03-10T20:31:51.622Z] >>> [apiv2][query] POST https://www.googleapis.com/oauth2/v3/token [none]
[debug] [2026-03-10T20:31:51.622Z] >>> [apiv2][body] POST https://www.googleapis.com/oauth2/v3/token [omitted]
[debug] [2026-03-10T20:31:51.868Z] <<< [apiv2][status] POST https://www.googleapis.com/oauth2/v3/token 400
[debug] [2026-03-10T20:31:51.868Z] <<< [apiv2][body] POST https://www.googleapis.com/oauth2/v3/token [omitted]
[debug] [2026-03-10T20:31:51.868Z] >>> [apiv2][query] GET https://firebase.googleapis.com/v1beta1/projects pageSize=100
[debug] [2026-03-10T20:31:52.365Z] <<< [apiv2][status] GET https://firebase.googleapis.com/v1beta1/projects 401
[debug] [2026-03-10T20:31:52.365Z] <<< [apiv2][body] GET https://firebase.googleapis.com/v1beta1/projects [omitted]
[debug] [2026-03-10T20:31:52.365Z] Got a 401 Unauthenticated error for a call that required authentication. Refreshing tokens.
[debug] [2026-03-10T20:31:52.365Z] Checked if tokens are valid: false, expires at: 1741286573781
[debug] [2026-03-10T20:31:52.365Z] Checked if tokens are valid: false, expires at: 1741286573781
[debug] [2026-03-10T20:31:52.365Z] > refreshing access token with scopes: []
[debug] [2026-03-10T20:31:52.366Z] >>> [apiv2][query] POST https://www.googleapis.com/oauth2/v3/token [none]
[debug] [2026-03-10T20:31:52.366Z] >>> [apiv2][body] POST https://www.googleapis.com/oauth2/v3/token [omitted]
[debug] [2026-03-10T20:31:52.471Z] <<< [apiv2][status] POST https://www.googleapis.com/oauth2/v3/token 400
[debug] [2026-03-10T20:31:52.471Z] <<< [apiv2][body] POST https://www.googleapis.com/oauth2/v3/token [omitted]
[debug] [2026-03-10T20:31:52.472Z] Request to https://firebase.googleapis.com/v1beta1/projects?pageSize=100 had HTTP Error: 401, Request had invalid authentication credentials. Expected OAuth 2 access token, login cookie or other valid authentication credential. See https://developers.google.com/identity/sign-in/web/devconsole-project.
[debug] [2026-03-10T20:31:52.473Z] FirebaseError: Request to https://firebase.googleapis.com/v1beta1/projects?pageSize=100 had HTTP Error: 401, Request had invalid authentication credentials. Expected OAuth 2 access token, login cookie or other valid authentication credential. See https://developers.google.com/identity/sign-in/web/devconsole-project.
    at responseToError (C:\Users\Subha\AppData\Roaming\npm\node_modules\firebase-tools\lib\responseToError.js:52:12)
    at RetryOperation._fn (C:\Users\Subha\AppData\Roaming\npm\node_modules\firebase-tools\lib\apiv2.js:312:77)
    at process.processTicksAndRejections (node:internal/process/task_queues:105:5)
[error] 
[error] Error: Failed to list Firebase projects. See firebase-debug.log for more info.
